<?xml version="1.0" encoding="UTF-8"?>
<!-- Generated by org.testng.reporters.JUnitReportReporter -->
<testsuite skipped="0" hostname="DESKTOP-LPGNF41" name="testNGtest.PassParameters" tests="1" failures="0" timestamp="2023-01-16T16:15:45 IST" time="0.009" errors="0">
  <testcase name="para" time="0.009" classname="testNGtest.PassParameters"/>
  <system-out>
    <![CDATA[bangalore]]>
  </system-out>
</testsuite> <!-- testNGtest.PassParameters -->
