<?xml version="1.0" encoding="UTF-8"?>
<!-- Generated by org.testng.reporters.JUnitReportReporter -->
<testsuite skipped="0" hostname="DESKTOP-LPGNF41" name="XLUtilPack.XLDataDriven" tests="4" failures="0" timestamp="2022-11-16T15:50:14 IST" time="4.423" errors="0">
  <testcase name="loginTest" time="1.619" classname="XLUtilPack.XLDataDriven"/>
  <system-out/>
  <testcase name="loginTest" time="0.689" classname="XLUtilPack.XLDataDriven"/>
  <system-out/>
  <testcase name="loginTest" time="0.707" classname="XLUtilPack.XLDataDriven"/>
  <system-out/>
  <testcase name="loginTest" time="1.408" classname="XLUtilPack.XLDataDriven"/>
  <system-out/>
</testsuite> <!-- XLUtilPack.XLDataDriven -->
