<?xml version="1.0" encoding="UTF-8"?>
<!-- Generated by org.testng.reporters.JUnitReportReporter -->
<testsuite skipped="0" hostname="DESKTOP-LPGNF41" name="testNGtest.DependsMethod" tests="3" failures="0" timestamp="2022-11-18T20:22:39 IST" time="6.243" errors="0">
  <testcase name="launch" time="5.673" classname="testNGtest.DependsMethod"/>
  <system-out>
    <![CDATA[browser is launch]]>
  </system-out>
  <testcase name="next" time="0.000" classname="testNGtest.DependsMethod"/>
  <system-out>
    <![CDATA[enter next]]>
  </system-out>
  <testcase name="login" time="0.570" classname="testNGtest.DependsMethod"/>
  <system-out>
    <![CDATA[login sucess]]>
  </system-out>
</testsuite> <!-- testNGtest.DependsMethod -->
