<?xml version="1.0" encoding="UTF-8"?>
<!-- Generated by org.testng.reporters.JUnitReportReporter -->
<testsuite skipped="0" hostname="DESKTOP-LPGNF41" name="testNGtest.DataProviderExamp" tests="2" failures="0" timestamp="2022-12-08T20:49:16 IST" time="0.018" errors="0">
  <testcase name="test" time="0.014" classname="testNGtest.DataProviderExamp"/>
  <system-out>
    <![CDATA[sant  sacac]]>
  </system-out>
  <testcase name="test" time="0.004" classname="testNGtest.DataProviderExamp"/>
  <system-out>
    <![CDATA[vrj  keshke]]>
  </system-out>
</testsuite> <!-- testNGtest.DataProviderExamp -->
