<?xml version="1.0" encoding="UTF-8"?>
<!-- Generated by org.testng.reporters.JUnitReportReporter -->
<testsuite skipped="0" hostname="DESKTOP-LPGNF41" name="testNGtest.BasicTags" tests="1" failures="0" timestamp="2022-11-25T16:16:59 IST" time="0.010" errors="0">
  <testcase name="s" time="0.010" classname="testNGtest.BasicTags"/>
  <system-out/>
</testsuite> <!-- testNGtest.BasicTags -->
