<?xml version="1.0" encoding="UTF-8"?>
<!-- Generated by org.testng.reporters.JUnitReportReporter -->
<testsuite skipped="0" hostname="DESKTOP-LPGNF41" name="testNGtest.BasicTags" tests="1" failures="0" timestamp="2022-11-15T18:55:38 IST" time="0.007" errors="0">
  <testcase name="s" time="0.007" classname="testNGtest.BasicTags"/>
  <system-out/>
</testsuite> <!-- testNGtest.BasicTags -->
