<?xml version="1.0" encoding="UTF-8"?>
<!-- Generated by org.testng.reporters.JUnitReportReporter -->
<testsuite skipped="0" hostname="DESKTOP-LPGNF41" name="testNGtest.PassParameters" tests="1" failures="0" timestamp="2022-12-08T19:57:15 IST" time="0.013" errors="0">
  <testcase name="para" time="0.013" classname="testNGtest.PassParameters"/>
  <system-out>
    <![CDATA[bangalore]]>
  </system-out>
</testsuite> <!-- testNGtest.PassParameters -->
