<?xml version="1.0" encoding="UTF-8"?>
<!-- Generated by org.testng.reporters.JUnitReportReporter -->
<testsuite skipped="0" hostname="DESKTOP-LPGNF41" name="testNGtest.SoftAssertExam" tests="2" failures="0" timestamp="2022-12-08T20:13:36 IST" time="0.020" errors="0">
  <testcase name="test1" time="0.002" classname="testNGtest.SoftAssertExam"/>
  <system-out>
    <![CDATA[softassert testA begins
softassert testA end]]>
  </system-out>
  <testcase name="test" time="0.018" classname="testNGtest.SoftAssertExam"/>
  <system-out>
    <![CDATA[softassert test begins
softassert test end]]>
  </system-out>
</testsuite> <!-- testNGtest.SoftAssertExam -->
